    OpenRGB v0.9+ (1.0rc2)
    Commit:  from 
    Launched: 20260319_204149
====================================================================================================

53    |Info:    [ResourceManager] Initializing HID interfaces: Success
53    |Info:    ------------------------------------------------------
53    |Info:    |               Start device detection               |
53    |Info:    ------------------------------------------------------
61    |Info:    ------------------------------------------------------
61    |Info:    |             Detecting I2C interfaces               |
61    |Info:    ------------------------------------------------------
62    |Info:    [ResourceManager] Registering I2C interface: /dev/i2c-3 Device 10DE:2484 Subsystem: 1043:87BD
62    |Info:    [ResourceManager] Registering I2C interface: /dev/i2c-1 Device 8086:43A3 Subsystem: 1043:8694
62    |Info:    [ResourceManager] Registering I2C interface: /dev/i2c-6 Device 10DE:2484 Subsystem: 1043:87BD
62    |Info:    [ResourceManager] Registering I2C interface: /dev/i2c-4 Device 10DE:2484 Subsystem: 1043:87BD
62    |Info:    [ResourceManager] Registering I2C interface: /dev/i2c-2 Device 10DE:2484 Subsystem: 1043:87BD
62    |Info:    [ResourceManager] Registering I2C interface: /dev/i2c-0 Device 0000:0000 Subsystem: 0000:0000
62    |Info:    [ResourceManager] Registering I2C interface: /dev/i2c-7 Device 10DE:2484 Subsystem: 1043:87BD
62    |Info:    [ResourceManager] Registering I2C interface: /dev/i2c-5 Device 10DE:2484 Subsystem: 1043:87BD
62    |Info:    ------------------------------------------------------
62    |Info:    |               Detecting I2C devices                |
62    |Info:    ------------------------------------------------------
243   |Info:    [ENE DRAM] Registering RGB controller
409   |Info:    [ENE DRAM] Registering RGB controller
728   |Info:    ------------------------------------------------------
728   |Info:    |            Detecting I2C DIMM modules              |
728   |Info:    ------------------------------------------------------
1015  |Info:    [ResourceManager] Detected occupied slot 2, bus 1, type DDR4
1487  |Info:    [ResourceManager] Detected occupied slot 4, bus 1, type DDR4
1899  |Info:    ------------------------------------------------------
1899  |Info:    |               Detecting I2C PCI devices            |
1899  |Info:    ------------------------------------------------------
1900  |Info:    ------------------------------------------------------
1900  |Info:    |               Detecting HID devices                |
1900  |Info:    ------------------------------------------------------
1952  |Info:    [ROYUAN Gaming Keyboard] Registering RGB controller
2029  |Info:    [ASUS PRIME B560-PLUS] Registering RGB controller
2029  |Info:    ------------------------------------------------------
2029  |Info:    |            Detecting libusb HID devices            |
2029  |Info:    ------------------------------------------------------
2036  |Info:    ------------------------------------------------------
2036  |Info:    |              Detecting other devices               |
2036  |Info:    ------------------------------------------------------
2052  |Info:    [ResourceManager] Calling Post-detection callbacks
2052  |Info:    ------------------------------------------------------
2052  |Info:    |                Detection completed                 |
2052  |Info:    ------------------------------------------------------
